[10:49:21] [INFO] OS is Unix
[10:49:22] [INFO] Showing screen LoadingScreen
[10:49:22] [INFO] [AssetLoader] Added music/greenlife.ogg to loading queue
[10:49:22] [INFO] [AssetLoader] Added sfx/jump.ogg to loading queue
[10:49:22] [INFO] [AssetLoader] Added font/sans.ttf to loading queue
[10:49:22] [INFO] [AssetLoader] Added gfx/player.png to loading queue
[10:49:22] [INFO] [AssetLoader] Added gfx/background.jpg to loading queue
[10:49:22] [INFO] [AssetLoader] Added gfx/white_pixel.png to loading queue
[10:49:22] [INFO] [AssetLoader] Added gfx/logo.png to loading queue
[10:49:22] [INFO] [AssetLoader] Loaded asset font/sans.ttf
[10:49:22] [INFO] [AssetLoader] Loaded asset gfx/white_pixel.png
[10:49:22] [INFO] [AssetLoader] Loaded asset music/greenlife.ogg
[10:49:22] [INFO] [AssetLoader] Loaded asset sfx/jump.ogg
[10:49:22] [INFO] [AssetLoader] Loaded asset gfx/player.png
[10:49:22] [INFO] [AssetLoader] Loaded asset gfx/background.jpg
[10:49:22] [INFO] [AssetLoader] Loaded asset gfx/logo.png
[10:49:22] [INFO] Hiding screen LoadingScreen
[10:49:22] [INFO] Showing screen TitleScreen
[10:49:22] [INFO] Found 0 controllers
[10:49:23] [INFO] Hiding screen TitleScreen
[10:49:23] [INFO] Showing screen ForestScreen
[10:56:14] [INFO] OS is Unix
[10:56:14] [INFO] Showing screen LoadingScreen
[10:56:14] [INFO] [AssetLoader] Added music/greenlife.ogg to loading queue
[10:56:14] [INFO] [AssetLoader] Added sfx/jump.ogg to loading queue
[10:56:14] [INFO] [AssetLoader] Added font/sans.ttf to loading queue
[10:56:14] [INFO] [AssetLoader] Added gfx/player.png to loading queue
[10:56:14] [INFO] [AssetLoader] Added gfx/background.jpg to loading queue
[10:56:14] [INFO] [AssetLoader] Added gfx/white_pixel.png to loading queue
[10:56:14] [INFO] [AssetLoader] Added gfx/logo.png to loading queue
[10:56:14] [INFO] [AssetLoader] Loaded asset font/sans.ttf
[10:56:14] [INFO] [AssetLoader] Loaded asset gfx/white_pixel.png
[10:56:14] [INFO] [AssetLoader] Loaded asset music/greenlife.ogg
[10:56:14] [INFO] [AssetLoader] Loaded asset sfx/jump.ogg
[10:56:14] [INFO] [AssetLoader] Loaded asset gfx/player.png
[10:56:14] [INFO] [AssetLoader] Loaded asset gfx/background.jpg
[10:56:14] [INFO] [AssetLoader] Loaded asset gfx/logo.png
[10:56:14] [INFO] Hiding screen LoadingScreen
[10:56:14] [INFO] Showing screen TitleScreen
[10:56:14] [INFO] Found 0 controllers
[10:56:15] [INFO] Hiding screen TitleScreen
[10:56:15] [INFO] Showing screen ForestScreen
